<?xml version="1.0" encoding="UTF-8" standalone="yes" ?>
<test-results name="D:\Projetos\CadastroCliente\TestDUX\Win32\Debug\Project1.exe" total="18" errors="0" failures="0" ignored="0" inconclusive="0" not-run="0" skipped="0" invalid="0" date="2021-08-23" time="0.002">
  <culture-info current-culture="en" current-uiculture="en" />
  <test-suite type="Assembly" name="Project1.exe" executed="true" result="Success" success="True" time="0.002" asserts="0">
    <results>
        <test-suite type="Namespace" name="uFuncoesTest" executed="true" result="Success" success="True" time="0.002" asserts="0" >
          <results>
              <test-suite type="Fixture" name="TestDUX" executed="True" result="Success" success="True" time="0.002" >
                <results>
                  <test-case name="ValidarCampos.Verificar se todos os campos foram preenchidos" executed="True" result="Success" success="True" time="0.000" asserts="0" />
                  <test-case name="ValidarCamposVazios.Verificar se todos os campos foram preenchidos" executed="True" result="Success" success="True" time="0.000" asserts="0" />
                  <test-case name="ValidarCamposVazios.Verificar se todos os campos foram preenchidos" executed="True" result="Success" success="True" time="0.000" asserts="0" />
                  <test-case name="ValidarCamposVazios.Verificar se todos os campos foram preenchidos" executed="True" result="Success" success="True" time="0.000" asserts="0" />
                  <test-case name="ValidarCamposVazios.Verificar se todos os campos foram preenchidos" executed="True" result="Success" success="True" time="0.000" asserts="0" />
                  <test-case name="ValidarCamposVazios.Verificar se todos os campos foram preenchidos" executed="True" result="Success" success="True" time="0.000" asserts="0" />
                  <test-case name="ValidarCPFValido.Verificar CPF Válido" executed="True" result="Success" success="True" time="0.000" asserts="0" />
                  <test-case name="ValidarCPFValido.Verificar CPF Válido" executed="True" result="Success" success="True" time="0.000" asserts="0" />
                  <test-case name="ValidarCPFValido.Verificar CPF Válido" executed="True" result="Success" success="True" time="0.000" asserts="0" />
                  <test-case name="ValidarCPFInvalido.Verificar CPF inválido" executed="True" result="Success" success="True" time="0.000" asserts="0" />
                  <test-case name="ValidarCPFInvalido.Verificar CPF inválido" executed="True" result="Success" success="True" time="0.000" asserts="0" />
                  <test-case name="ValidarCPFInvalido.Verificar CPF inválido" executed="True" result="Success" success="True" time="0.000" asserts="0" />
                  <test-case name="ValidarCNPJValido.Verificar CNPJ Válido" executed="True" result="Success" success="True" time="0.000" asserts="0" />
                  <test-case name="ValidarCNPJValido.Verificar CNPJ Válido" executed="True" result="Success" success="True" time="0.000" asserts="0" />
                  <test-case name="ValidarCNPJValido.Verificar CNPJ Válido" executed="True" result="Success" success="True" time="0.000" asserts="0" />
                  <test-case name="ValidarCNPJInvalido.Verificar CNPJ Válido" executed="True" result="Success" success="True" time="0.000" asserts="0" />
                  <test-case name="ValidarCNPJInvalido.Verificar CNPJ Válido" executed="True" result="Success" success="True" time="0.000" asserts="0" />
                  <test-case name="ValidarCNPJInvalido.Verificar CNPJ Válido" executed="True" result="Success" success="True" time="0.000" asserts="0" />
                </results>
              </test-suite>
          </results>
        </test-suite>
    </results>
  </test-suite>
</test-results>
